O...#O#OO.OOOO.OO.O#..#.OOOOOO..#.#OOOO#.#OO#OOO#..O.OOO.O.O...O.OOOO..OOO.OOOO...OOO.OO#O.#O..#O.O.
O#...OO..#OOOO.OO.OO.#O.OO.....#O.OOO#O#..OO.OO....O..OO.O##.....O..O.#OO.....O#....O.OOO..O###OO..#
....#.#....O...O..O..O..OO......O....O.#...O#.O.#.#O......OO#..#.O..O.#.O.....OO....O#O.O...O.O....#
...#O.O........O..O#.O.#..#...#.....#....#..O.O#..OO......O.O.##....O#O..##..#OO....OOO..#......#..O
.#.O#.O..#....#O..OO#O.O..O..#O.#...O.#..O...#.O..O..........#O#.....#O...##.OOO...#..O..#..#...O#..
.O#O#.O#..#...O..#OO#..O..O..OO..###......#.#....#O..#........OO..#..O....O#.OOO.#....O...#....#.O#.
......OO......O..#O....O...##.O#..O.....#.O..........O..#.###..O.....O.....O...O#.....O#.#O##..O....
..#....#.#....O..#O.##...#..O..##.O#..#...O.........#O..O.OO#..O.....O......#..OO.#...O..#O#O..O....
....##.#.O..#.O..O...O...O.....O.#.....#.#O...#.....O.......O#.O......#.#...O.....O...O##O.OO##.##..
.#..O........#O.#...#O...O#..#.O#O....###O..#.O..#..#.......OO..###....#O...O...##O...O..O.OO.O.OO.#
....O...#....OO.O...O....OO..#..O..#.#OO.O......##....#......O..##....#OO#..O.#.#OO..#.#...O.#O.OO..
....O#.##.#.....O#..#.#.#OO........O.OOO#O...##.OO..#.O#..#..O.#OO#...OOOO..O....O..##.O#..O.OO#O..#
.....O..O...#.......O.O...O.#.......#.O..O...#.#OO..#.OO.#.##O.O.O###..OOO#.O.......O..O...O.O.#O#.O
#....O..O...O.......O......#O#...#.##.O..O..#.#OO.#..#O..#...O.#..O.O..OO.O.O......#...O.....O..O.#O
O.........#.O...........#...OO.#.O.O..O.#O..#.O.......O...#.#...............O...#..O##.O#....O..O.OO
..##.##...##..........#.....OO.O.O#O.....O...#............#.#.###.#.#.......O##..#...O....#......#.O
..OO.OO...OO.....#....O.....OO#O#O.........#.O.....##..#..O#O.O#O#O##......#....#O...O..#.O....#.O.O
.#O...O#....##...#..##..#.#.O.#OOO.....#..##.O#....O.....#O.O.OO.OOO............O...#O..#.#....O...O
..O..#OO#...OO.#.O..OO..O.O#O.#..O.....O#.O.#OO...#..#..#O....OO....#............#..#O..O.O....O.#..
#.....O.O...OO.#.O......O.OO......##.#..O...O....#O.....O#....OO....O#........#....#.O..O.O....O..#.
...#..O......O.O.O...##.......#...OO#O....#.O....OO.#..#OO.#...O.....O........O...#.#....#..#..O.#O.
.#...#O........O.O...OO..#...#O....OOO....O...#..O..O..OO#.#.........O##...#.....##.#....O.#O..O..O.
.....O.....#...O.O...OO#...#..O...#..O.....#..O..O......OO.#.........#OO.........O#.O......O......#.
#..#.....#.O.##O.O..#..O.#.#.#O.#.O.#O.....O..O......##..O.O........#..O..##.....O##O....#.O........
O...##...O.O#.OO#..##.#..O........O.OO#.....####......O..O..........O..O...O.#...O.OO..#.O#...#..#..
O...OO..#..OO.......#.#..O.#......O..O....#.OO.....#.#........#.....O.....#....#.O.....O......O..#..
.##..O.#...OO#..#..##....O##.#.##....O......OO....#..O.#.....#O.#...O...#.O.##.O#..#......#..#.#.#..
.O.#.O.O.....O..O..O.#..#OOO.O.#...#.O..#....O.......#.#.....OO.O...O.....O....OO..O..#...O##O.O.##.
.O.#......#...#.O.#O.#..OO.O#......#.O...........#...O.#...#.O......O.#...O..#....#O........O.....O.
.O........O##...O....##.O..OO..#...O.O.##.....#..##.#O....#..O..##..O.O...O..O...#.O..#..###O.##..O#
.O###....#.#O.....#.##O.O.#OO##O##...O#O..#.#.O#.OO##...........#O..O.#...O..O#..##.....#.OO...O..O.
.OOOO..#.##O......O..#O...#O.##OO.#..O.O#.#...OO#.O.O..#..###..#OO##O.O...O..OO..O....#.O..O........
..OOO..O#..O.#...#O.#OO..#.O.OO..#O..O.OO.O.#..OO#O#O.....O.#.#OOOO#..O..#..#OO..O...........#...#.#
#.O.O..OO#...O#..O..O....O...O...O..#O.O..O....OO.OOO......#O.#.OO.O.....#.#.OO..O....#..#.#.O.#.O.O
O...O#.O.O#...O.#...O....O..#O....#.OO...#O.#..O.#OO..#....#O.O#O.....#..#.O#.O#.O#..#O....O#..O#O.O
O......O.O.##...#..#O....O#..O....O.#...#OO.O#.O.OOO..O#....O.O.......#.#O..#..#..O..OO##...O...OO.#
O....#...O#.O...###O.#...O..#.....O.O....O.#OO#O.O.O.###....O#.....#..O.OO..O..O..O...OO...........O
O....O...OO......OO..O...O#.O..##.O#O.#......O...O..........OO.....O..O#....#..##.O#.#.O..#.###.....
......#..O...#.........##O.....O#.OO..O....#.O#.......#......O....#.....#..........O...O.#O.O.O#....
....#.O..O...O.#.....#...O...#.OO..O..O..#.O.O.......#.....#...#..O....#O..........O#....OO.O.O.....
.#..#.O.#......O#....#..#O...#.OO..#....#..O.O............#O..#O..O..#.OO..........OO#...O.#.#.#....
...#O...O.#....OO#.#.#....#..#...#.O..#.O#.O.O........##.......O.#O....O...##...#........O.O.#.O#.#.
...O.#....O#.....O...O....O........O....O..O.O#.....###...##..#O..O#..#O...OO#..#...##...O...O.O#...
.##O##....OO#...#....O..#.O....##.........#O.O...#..O..#..O.#.OO...O..#O##..OO..O...O........O.OO.#.
.OOO.O.##.OOO##.O....O....O...#O.........#O..O#..O#.##.#.#..O...........O....O..O..#.........O....O.
#OOO.O....O.O.O.O#...O....O..#OO#...#.#..#...OO..OO.OO.O...#O...#..#..#.O#...O.#..#.##.....#.O......
O...##.#....O...OO...O.##.O..O..#...O.O......O...OO...#O....O#..O..O.#.........O..O.OO..#..O......#.
O..#OO..#...O.#.O##..O.O..O..O..O#..#.#..#..#..#.O...#..##..O...O.#O....#.....#...#..O.#...O......#.
O....O..O..#O#.#O#......#.O##O..O#........#....O.O..#O..#..#.#...#.###...#.#..O..#..#..O#.#O....#..#
O.#..O..O..O.O...O#...#..........O....#.##O.#.#O.O.#OO.#O#.O......#.#O..#..#..O##..##..O......#.O##O
O..##O..O.#O.##...O#..........#..O.......#O...O..O.O.O#..O#..#####.#OO.#.#....OO#...O..O......O.#OO.
O..#.O..O....O.#.#OO..#....#....#O..#..#.OO...O.#O.O#.O..OO..OOO#O.O.O.O.O....#OO...O.#...#.#.O..O..
O..O.O#.O....O.O.#.O..O#...O...##O..O.#O..O...O.O.#.#.O..OO..O..#O.O.O.#..##..#OO.....O..#..O....O#.
O...#OO......O.O...O...#...O..#.OO#.O.OO.#..#.....##..O.#.O..O..#..O#O.O#.OO..O.O.....O..O#.O....O##
.#...O........#O.#.O..#O......O#.O....#..O............##O.O.....O.#O#O.OO.O###O.O..#..O#..O.O.....O#
.#...O.....#...O.O.O##O.....#..O.O#...O..O..#.....#.#.O..#.......#..OO#OO.OO.O..O#....OO..O.O..##.OO
.O..#O#....O...O#O.O#OO....#......O.........O.....O#O#O..#.......O...O#OO.O..O.#..##...O.#.#O#.OO.#O
.O###OO.#..O...O.O..O......#......##...............OO.O..O.......O..#OOOO#...O#O.#OO.#..#O.OO...#.O.
.OOO.O.#O..O.....O#........O.......O.....#..#.....#OO.O#.O.#...##O..O.OO.....OO..#...#....#OO...O.O.
.OO..O.#......#...#.##..#...##.#...O.....O.#O......OO..O...O#..O.#.....O....#O...O#..O..#..OO####.O.
..O....O.#....O.#.#.....O.....#O....#....O.O...#....O..O##..O#.O.O....#O.#..#O#..##..O..O.#OOOOOO.O.
..O....O.#....O...O.#.##....#.......#..#.#...#.O#.#..#...O..O...#O#...OO.O...OO..#O..O....#..O.OO.O.
..O.#.#O#O..........O#OO#..#O.#.....O.#O#O..##.OO.O..O..#O.#O...OO....O..O...O...O...O...#.....OO#..
..O.O..OO.#.###.....O.O.O..OO.#...#.....OO..OO#O.....O..OO.#O...OO..#.......#...#.....#..O....#..O.#
...#O.#OO.O..#O.#...O#O#O.....O...O.....OO....OO#..#.O.#.O.OO#..OO..........O..#O#....O..#....O....O
...#..O.O#O..O..O.#.OOO.O.#...O#..O#...#...#..OOO..O#O.....O.O.#OO..#.....#.O.#..........#....O....O
...#..O.O#..#O..O.#..OO.O.O#.#OO#.OO..##....#.O.O.#O#O.....O...O.O..O....#..#.O....##.#.#O....O..#.O
...O.........O..O.O..O.#.#.O..OOO..O#.OO...#O#..O.O.#O.#.........O..#...#O###.O#...O...##O.......#.O
#..O#....###...#O.O....O.#....O.O....#.O.....O....#.OO.#.........O##O.#..O.OO..O......#OOO.......O.O
O..OO....OO.....O.O....O.O...#......#O.O.###.O....#....O......#..OOOO.O.#O.O..#.....#...OO...#...O..
O..O#....O......O.O.................OO.O.OO..#...#.....O......O....#O...O..O..O...#....#OO...#.#.O..
O..OO...........O.O#.......#...#.....O....O.......#...#O..#...O#...#..........O.#.O....#...#.O.O..#.
...O..#........#.#OO.....##O#......#.O.......#...#O#..#...O..#.....O......##....##..#.#...#O.O..#...
......O.#..#.....OO..##..OOO#..##..........##O#..OO.#...#.#..O.#......#....O#....O..#.....OO#.###...
......O.O..#.....#O..OO...O.O#..O.....#...#O.....O#.O.##O...#..O#.....O.........##..O##.....O.O#....
.#..#.O.O.#O.#.#.OO#.O....O#.#..#.............#.......OO....O..O......O..........O##..O.....O#.O.##.
.O..O.O.O.OO..#O#.OO#...#.OO...#O...#....#..##O.......OO#.........##..O#..#......OO...O#....O..O#OO#
....O..#O.O..#OOO.OOO........#.O....O.....#.##O.#......OO...#.....OO##....O.....#..#...O.....#.O#.OO
#...O#.OO...#.O.O.OOO...#...##......O.#.#.O.O#..........O...O#.....O.O#...O#...#O.#....O#......OO.O.
O.#..O..O...O......O....O..#.O.....#O.O...O..O..#.......##..OO.....O.OO.#.OO......##....O.#..##OO#O.
.#O.........#.###..O.#..O..O..#....#O#....O.....####......#.OO..#..O.OO.##O.#..##.......O.O...O.OOO.
#OO....#.#.#O.OO.#.....#.#.O..O....OOO.###......OOOO#...##O.OO#.O...#.....O.###OO..#.#........O.....
..O..#.....O.#OO#O...##O.O..#......O.O.O.O......#O#OO....O...O...##.O....#....#O.#.O.....##.#.O..#.#
.#O#.O.#...O##.OOO...O.O.O..O....##O.O...O....#.O.OOO...#.......#O..O##..O.#..O..#.O#....O.#O.O....O
.OOO#....#.OO..O.O....#..O..O....##O.O.#.O.###O.O..OO...O.##...#OO...O.#.O.O.#..#.#OO.......O#O...#.
.#OOO....O..O..O#O....O.#O..O.....O..O.O.O.O..O.O.#.O.....OO...OOO...O.O.O.O.#....OO.#...##..O..#.O.
.OOOO..#.O......#....#O.....O...#.O.......#...O...O....#.#OO.....O#....O#...#O..##.O.O...OO.........
.O.O...O..#..#.......OO.#..#.##...O...#.#.O...O..#O....#.OOO......O....OO......#OO.O.....OO..#....#.
#O...#.O...#.O........O....O.O#...O...O.#.O...O..O......#............#.O......#O.O.O..##..O#...#..O.
#O.#...O..#..O#.#.............O..#..#.O#..O...O........#.......#..#..#........OO..#...#O.#......##O.
.O.#.....#O#..#.O.......#......#.O..O..................O#.....#O..O..#..#......O..O..#OO...#...#....
...O.#...#.O..O##.......O......O#O##..............#..#..O......O.....O..O...#.....O..O.....O.#.O....
#..#.O...O#O..OOO..#............O.O#..#..#.....#..O..O#.O.....#.#.###O#.O#..#.....O..O..#.#O#......#
#..O..#...OO...O.#...#......#..#..O...O..O...#.....#.O..O.....O..#..#O...O..O...#.O.....O.OOO......#
O..O..O.#...#....#....###...O.#O#.....O..O.....#.#.O.O#.O.....O#..#.OO#..#......O.O.....O#.OO...#...
...O#.O.##..O....O...#OOO..#O...#.....O...#....O..#..O..O.....OO#.O.O.O..O...#..O...#....O.....#O.##
....O.O..O....#......##.O..O..#.##........O.##.O..O.#..#O#.....O..O..........O..O...O#...O......O..O
....O..#.O#................O..O##.#..........O...#..O.#O..#....O..O.........#..#....OO#..O...#.....O
...#...#.....##..#.#.###...O.#..O.O##...#.........#.......#.......O#..#...##...O.#...........#......
...#..#.......O...##...#....#..#O#..O...O...#.....#...#.....#.........O.......#O#...........#..#...#
